<?xml version="1.0" encoding="UTF-8"?>
<!-- Generated by org.testng.reporters.JUnitReportReporter -->
<testsuite skipped="0" hostname="jaygoka" name="com.qa.FreeCrmPro.VisIt.TestCases.LoginPageTest" tests="2" failures="0" timestamp="29 Jun 2019 08:06:59 GMT" time="54.915" errors="0">
  <testcase name="verifyLoginPageTitleTest" time="16.337" classname="com.qa.FreeCrmPro.VisIt.TestCases.LoginPageTest"/>
  <testcase name="verifyLogintoFreeCrmProTest" time="38.578" classname="com.qa.FreeCrmPro.VisIt.TestCases.LoginPageTest"/>
</testsuite> <!-- com.qa.FreeCrmPro.VisIt.TestCases.LoginPageTest -->
