<?xml version="1.0" encoding="UTF-8"?>
<!-- Generated by org.testng.reporters.JUnitReportReporter -->
<testsuite skipped="0" hostname="jaygoka" name="com.qa.FreeCrmPro.VisIt.TestCases.LoginPageTest" tests="1" failures="0" timestamp="22 Jun 2019 06:38:32 GMT" time="40.392" errors="0">
  <testcase name="verifyLogintoFreeCrmProTest" time="40.392" classname="com.qa.FreeCrmPro.VisIt.TestCases.LoginPageTest"/>
</testsuite> <!-- com.qa.FreeCrmPro.VisIt.TestCases.LoginPageTest -->
