<?xml version="1.0" encoding="UTF-8"?>
<!-- Generated by org.testng.reporters.JUnitReportReporter -->
<testsuite skipped="0" hostname="jaygoka" name="com.qa.FreeCrmPro.VisIt.TestCases.HomePageTest" tests="3" failures="0" timestamp="16 Jun 2019 07:21:17 GMT" time="173.239" errors="0">
  <testcase name="navigateToContactsPageTest" time="55.345" classname="com.qa.FreeCrmPro.VisIt.TestCases.HomePageTest"/>
  <testcase name="navigateToDealsPageTest" time="59.667" classname="com.qa.FreeCrmPro.VisIt.TestCases.HomePageTest"/>
  <testcase name="navigateToTasksPageTest" time="58.227" classname="com.qa.FreeCrmPro.VisIt.TestCases.HomePageTest"/>
</testsuite> <!-- com.qa.FreeCrmPro.VisIt.TestCases.HomePageTest -->
